<?xml version="1.0" encoding="UTF-8"?>
<testng-results ignored="0" total="1" passed="1" failed="0" skipped="0">
  <reporter-output>
    <line>
      <![CDATA[welcome to dashboard!!!]]>
    </line>
  </reporter-output>
  <suite started-at="2023-08-30T12:38:48 IST" name="Suite" finished-at="2023-08-30T12:39:14 IST" duration-ms="25757">
    <groups>
    </groups>
    <test started-at="2023-08-30T12:38:48 IST" name="Test" finished-at="2023-08-30T12:39:14 IST" duration-ms="25757">
      <class name="com.bpract.mlmdemo.testscripts.DemoAdminBlogTest">
        <test-method is-config="true" signature="initialization(java.lang.String)[pri:0, instance:com.bpract.mlmdemo.testscripts.DemoAdminBlogTest@71def8f8]" started-at="2023-08-30T12:38:48 IST" name="initialization" finished-at="2023-08-30T12:38:58 IST" duration-ms="9637" status="PASS">
          <params>
            <param index="0">
              <value>
                <![CDATA[chrome]]>
              </value>
            </param>
          </params>
          <reporter-output>
          </reporter-output>
        </test-method> <!-- initialization -->
        <test-method signature="verifyPublicBlogWithValidData()[pri:0, instance:com.bpract.mlmdemo.testscripts.DemoAdminBlogTest@71def8f8]" started-at="2023-08-30T12:38:58 IST" name="verifyPublicBlogWithValidData" finished-at="2023-08-30T12:39:14 IST" duration-ms="16078" status="PASS">
          <reporter-output>
            <line>
              <![CDATA[welcome to dashboard!!!]]>
            </line>
          </reporter-output>
        </test-method> <!-- verifyPublicBlogWithValidData -->
      </class> <!-- com.bpract.mlmdemo.testscripts.DemoAdminBlogTest -->
    </test> <!-- Test -->
  </suite> <!-- Suite -->
</testng-results>
